#
# A fatal error has been detected by the Java Runtime Environment:
#
#  SIGSEGV (0xb) at pc=0x00007f8f86bb75e3, pid=30514, tid=0x00007f8f6ffaf700
#
# JRE version: OpenJDK Runtime Environment (8.0_131-b11) (build 1.8.0_131-8u131-b11-0ubuntu1.17.04.1-b11)
# Java VM: OpenJDK 64-Bit Server VM (25.131-b11 mixed mode linux-amd64 compressed oops)
# Problematic frame:
# V  [libjvm.so+0x92b5e3]  oopDesc* PSPromotionManager::copy_to_survivor_space<false>(oopDesc*)+0x3b3
#
# Failed to write core dump. Core dumps have been disabled. To enable core dumping, try "ulimit -c unlimited" before starting Java again
#
# If you would like to submit a bug report, please visit:
#   http://bugreport.java.com/bugreport/crash.jsp
#

---------------  T H R E A D  ---------------

Current thread (0x00007f8f80027000):  GCTaskThread [stack: 0x00007f8f6feaf000,0x00007f8f6ffb0000] [id=30517]

siginfo: si_signo: 11 (SIGSEGV), si_code: 1 (SEGV_MAPERR), si_addr: 0x0000000000000008

Registers:
RAX=0x0000000000000001, RBX=0x00000000e1292008, RCX=0x0000000000000003, RDX=0x00007f8f871899a0
RSP=0x00007f8f6ffaec40, RBP=0x00007f8f6ffaecc0, RSI=0x00000000e1292008, RDI=0x0000000000000000
R8 =0x000000010001c168, R9 =0x00007f8f8007b098, R10=0x0000000000000000, R11=0x00000000ec378760
R12=0x0000000000000000, R13=0x00007f8f8007b000, R14=0x0000000000000000, R15=0x00007f8f871899b0
RIP=0x00007f8f86bb75e3, EFLAGS=0x0000000000010246, CSGSFS=0x002b000000000033, ERR=0x0000000000000004
  TRAPNO=0x000000000000000e

Top of Stack: (sp=0x00007f8f6ffaec40)
0x00007f8f6ffaec40:   00007f8f6ffaecc0 00007f8f86bb64dd
0x00007f8f6ffaec50:   00007f8f80028428 0000000000000000
0x00007f8f6ffaec60:   00007f8f00000000 00000000000000c2
0x00007f8f6ffaec70:   00000000ec376970 0000000000001000
0x00007f8f6ffaec80:   00007f8f6ffaed40 0939afdcbaf9ec00
0x00007f8f6ffaec90:   00007f8f87eb3b90 00007f8f8007b000
0x00007f8f6ffaeca0:   00000000ec3785e0 0000000000000000
0x00007f8f6ffaecb0:   0000000000000000 00007f8f871899b0
0x00007f8f6ffaecc0:   00007f8f6ffaed20 00007f8f86bb6e58
0x00007f8f6ffaecd0:   00007f8f6ffaed20 00007f8f8007b068
0x00007f8f6ffaece0:   00007f8f80028428 00007f8f86b4d1da
0x00007f8f6ffaecf0:   00007f8f80028400 00007f8f7024863b
0x00007f8f6ffaed00:   00007f8f70248681 00007f8f8001e0d0
0x00007f8f6ffaed10:   00000000860c7600 00007f8f7024863b
0x00007f8f6ffaed20:   00007f8f6ffaedd0 00007f8f8664f358
0x00007f8f6ffaed30:   ffff80708fdc0200 0000000000000000
0x00007f8f6ffaed40:   00007f8f70240000 0000000000000200
0x00007f8f6ffaed50:   00007f8f70248600 0000000087830a60
0x00007f8f6ffaed60:   00007f8f70248800 00000000860d0000
0x00007f8f6ffaed70:   00007f8f70248600 00007f8f70254186
0x00007f8f6ffaed80:   00000000860c7608 00007f8f8007b000
0x00007f8f6ffaed90:   00007f8f7024863b 00007f8f8001de10
0x00007f8f6ffaeda0:   00007f8f80025060 00007f8f8002d140
0x00007f8f6ffaedb0:   00007f8f8007b000 00007f8f86d741f7
0x00007f8f6ffaedc0:   00007f8f80027000 00007f8f871a76e8
0x00007f8f6ffaedd0:   00007f8f6ffaee00 00007f8f86bbb419
0x00007f8f6ffaede0:   0000000000000004 00007f8f86bbb3e1
0x00007f8f6ffaedf0:   0000000000000001 00007f8f8002d140
0x00007f8f6ffaee00:   00007f8f6ffaef10 00007f8f86831862
0x00007f8f6ffaee10:   00000000000003d8 00007f8f80027cc8
0x00007f8f6ffaee20:   00007f8f800278f0 00007f8f6ffaeea0
0x00007f8f6ffaee30:   00007f8f800278a0 00007f8f800278e0 

Instructions: (pc=0x00007f8f86bb75e3)
0x00007f8f86bb75c3:   ff ff 49 89 c7 e9 9f 00 00 00 0f 1f 00 48 8d 15
0x00007f8f86bb75d3:   c9 23 5d 00 8b 7e 08 8b 4a 08 48 d3 e7 48 03 3a
0x00007f8f86bb75e3:   8b 4f 08 83 f9 00 0f 8f 9c fc ff ff 0f 84 1b 01
0x00007f8f86bb75f3:   00 00 3c 01 48 8d 15 2e 16 5c 00 48 19 c0 83 e0 

Register to memory mapping:

RAX=0x0000000000000001 is an unknown value
RBX=0x00000000e1292008 is an unknown value
RCX=0x0000000000000003 is an unknown value
RDX=0x00007f8f871899a0: <offset 0xefd9a0> in /usr/lib/jvm/java-8-openjdk-amd64/jre/lib/amd64/server/libjvm.so at 0x00007f8f8628c000
RSP=0x00007f8f6ffaec40 is an unknown value
RBP=0x00007f8f6ffaecc0 is an unknown value
RSI=0x00000000e1292008 is an unknown value
RDI=0x0000000000000000 is an unknown value
R8 =0x000000010001c168 is pointing into metadata
R9 =0x00007f8f8007b098 is an unknown value
R10=0x0000000000000000 is an unknown value
R11=0x00000000ec378760 is an oop

[error occurred during error reporting (printing register info), id 0xb]

Stack: [0x00007f8f6feaf000,0x00007f8f6ffb0000],  sp=0x00007f8f6ffaec40,  free space=1023k
Native frames: (J=compiled Java code, j=interpreted, Vv=VM code, C=native code)
V  [libjvm.so+0x92b5e3]  oopDesc* PSPromotionManager::copy_to_survivor_space<false>(oopDesc*)+0x3b3
V  [libjvm.so+0x92ae58]  PSPromotionManager::drain_stacks_depth(bool)+0x738
V  [libjvm.so+0x3c3358]  CardTableExtension::scavenge_contents_parallel(ObjectStartArray*, MutableSpace*, HeapWord*, PSPromotionManager*, unsigned int, unsigned int)+0x598
V  [libjvm.so+0x92f419]  OldToYoungRootsTask::do_it(GCTaskManager*, unsigned int)+0x49
V  [libjvm.so+0x5a5862]  GCTaskThread::run()+0x172
V  [libjvm.so+0x8b8fa2]  java_start(Thread*)+0xf2


---------------  P R O C E S S  ---------------

Java Threads: ( => current thread )
  0x00007f8ef046d000 JavaThread "http-nio-8085-AsyncTimeout" daemon [_thread_blocked, id=11123, stack(0x00007f8f1cbdc000,0x00007f8f1ccdd000)]
  0x00007f8ef046b800 JavaThread "http-nio-8085-Acceptor-0" daemon [_thread_in_native, id=11122, stack(0x00007f8f1eff0000,0x00007f8f1f0f1000)]
  0x00007f8ef046a800 JavaThread "http-nio-8085-ClientPoller-1" daemon [_thread_in_native, id=11121, stack(0x00007f8f1cfe0000,0x00007f8f1d0e1000)]
  0x00007f8ef045c800 JavaThread "http-nio-8085-ClientPoller-0" daemon [_thread_in_native, id=11120, stack(0x00007f8f1ddec000,0x00007f8f1deed000)]
  0x00007f8ef044e800 JavaThread "http-nio-8085-exec-10" daemon [_thread_blocked, id=11119, stack(0x00007f8f1edee000,0x00007f8f1eeef000)]
  0x00007f8ef044d800 JavaThread "http-nio-8085-exec-9" daemon [_thread_blocked, id=11118, stack(0x00007f8f1d4e5000,0x00007f8f1d5e6000)]
  0x00007f8ef044c800 JavaThread "http-nio-8085-exec-8" daemon [_thread_blocked, id=11117, stack(0x00007f8f1dceb000,0x00007f8f1ddec000)]
  0x00007f8ef044c000 JavaThread "http-nio-8085-exec-7" daemon [_thread_blocked, id=11116, stack(0x00007f8f1ccdd000,0x00007f8f1cdde000)]
  0x00007f8ef044b000 JavaThread "http-nio-8085-exec-6" daemon [_thread_blocked, id=11115, stack(0x00007f8f1d8e9000,0x00007f8f1d9ea000)]
  0x00007f8ef044a800 JavaThread "http-nio-8085-exec-5" daemon [_thread_blocked, id=11114, stack(0x00007f8f1cedf000,0x00007f8f1cfe0000)]
  0x00007f8ef0449800 JavaThread "http-nio-8085-exec-4" daemon [_thread_blocked, id=11113, stack(0x00007f8f1faff000,0x00007f8f1fc00000)]
  0x00007f8ef0449000 JavaThread "http-nio-8085-exec-3" daemon [_thread_blocked, id=11112, stack(0x00007f8f1d2e3000,0x00007f8f1d3e4000)]
  0x00007f8ef0448000 JavaThread "http-nio-8085-exec-2" daemon [_thread_blocked, id=11111, stack(0x00007f8f1d1e2000,0x00007f8f1d2e3000)]
  0x00007f8ef0447800 JavaThread "http-nio-8085-exec-1" daemon [_thread_blocked, id=11110, stack(0x00007f8f1cdde000,0x00007f8f1cedf000)]
  0x00007f8ef0446800 JavaThread "NioBlockingSelector.BlockPoller-8" daemon [_thread_in_native, id=11109, stack(0x00007f8f1d0e1000,0x00007f8f1d1e2000)]
  0x00007f8ef0437000 JavaThread "File Watcher" daemon [_thread_blocked, id=11108, stack(0x00007f8f1d6e7000,0x00007f8f1d7e8000)]
  0x00007f8ef0187800 JavaThread "Tomcat JDBC Pool Cleaner[414493378:1497447716908]" daemon [_thread_blocked, id=11080, stack(0x00007f8f6c42d000,0x00007f8f6c52e000)]
  0x00007f8ef0173800 JavaThread "container-0" [_thread_blocked, id=11079, stack(0x00007f8f1eeef000,0x00007f8f1eff0000)]
  0x00007f8ef01e2000 JavaThread "ContainerBackgroundProcessor[StandardEngine[Tomcat]]" daemon [_thread_blocked, id=11078, stack(0x00007f8f1d5e6000,0x00007f8f1d6e7000)]
  0x00007f8f80010800 JavaThread "DestroyJavaVM" [_thread_blocked, id=30515, stack(0x00007f8f87eda000,0x00007f8f87fdb000)]
  0x00007f8f2588a000 JavaThread "Live Reload Server" daemon [_thread_in_native, id=30774, stack(0x00007f8f1dbea000,0x00007f8f1dceb000)]
  0x00007f8f24be4000 JavaThread "Abandoned connection cleanup thread" daemon [_thread_blocked, id=30687, stack(0x00007f8f1eced000,0x00007f8f1edee000)]
  0x00007f8f800d1800 JavaThread "Service Thread" daemon [_thread_blocked, id=30547, stack(0x00007f8f6d20e000,0x00007f8f6d30f000)]
  0x00007f8f800cc000 JavaThread "C1 CompilerThread2" daemon [_thread_blocked, id=30546, stack(0x00007f8f6d30f000,0x00007f8f6d410000)]
  0x00007f8f800ca000 JavaThread "C2 CompilerThread1" daemon [_thread_blocked, id=30545, stack(0x00007f8f6d410000,0x00007f8f6d511000)]
  0x00007f8f800c7000 JavaThread "C2 CompilerThread0" daemon [_thread_blocked, id=30544, stack(0x00007f8f6d511000,0x00007f8f6d612000)]
  0x00007f8f44001000 JavaThread "JDWP Command Reader" daemon [_thread_in_native, id=30542, stack(0x00007f8f6d612000,0x00007f8f6d713000)]
  0x00007f8f800c5000 JavaThread "JDWP Event Helper Thread" daemon [_thread_blocked, id=30541, stack(0x00007f8f6d713000,0x00007f8f6d814000)]
  0x00007f8f800c1800 JavaThread "JDWP Transport Listener: dt_socket" daemon [_thread_blocked, id=30539, stack(0x00007f8f6d814000,0x00007f8f6d915000)]
  0x00007f8f800b0800 JavaThread "Signal Dispatcher" daemon [_thread_blocked, id=30538, stack(0x00007f8f6db1a000,0x00007f8f6dc1b000)]
  0x00007f8f8008a000 JavaThread "Finalizer" daemon [_thread_blocked, id=30530, stack(0x00007f8f6dc1b000,0x00007f8f6dd1c000)]
  0x00007f8f80085800 JavaThread "Reference Handler" daemon [_thread_blocked, id=30528, stack(0x00007f8f6dd1c000,0x00007f8f6de1d000)]

Other Threads:
  0x00007f8f8007e000 VMThread [stack: 0x00007f8f6de1d000,0x00007f8f6df1e000] [id=30526]
  0x00007f8f800d4000 WatcherThread [stack: 0x00007f8f6d10d000,0x00007f8f6d20e000] [id=30548]

=>0x00007f8f80027000 (exited) GCTaskThread [stack: 0x00007f8f6feaf000,0x00007f8f6ffb0000] [id=30517]

VM state:at safepoint (normal execution)

VM Mutex/Monitor currently owned by a thread:  ([mutex/lock_event])
[0x00007f8f8000ca20] Threads_lock - owner thread: 0x00007f8f8007e000
[0x00007f8f8000cf20] Heap_lock - owner thread: 0x00007f8ef0437000

Heap:
 PSYoungGen      total 360448K, used 345600K [0x00000000d7000000, 0x00000000edf80000, 0x0000000100000000)
  eden space 345600K, 100% used [0x00000000d7000000,0x00000000ec180000,0x00000000ec180000)
  from space 14848K, 0% used [0x00000000ed100000,0x00000000ed100000,0x00000000edf80000)
  to   space 15360K, 33% used [0x00000000ec180000,0x00000000ec67a9b0,0x00000000ed080000)
 ParOldGen       total 102912K, used 41162K [0x0000000085000000, 0x000000008b480000, 0x00000000d7000000)
  object space 102912K, 39% used [0x0000000085000000,0x0000000087832a60,0x000000008b480000)
 Metaspace       used 59973K, capacity 61834K, committed 62040K, reserved 1103872K
  class space    used 7046K, capacity 7530K, committed 7552K, reserved 1048576K

Card table byte_map: [0x00007f8f70240000,0x00007f8f70619000] byte_map_base: 0x00007f8f6fe18000

Marking Bits: (ParMarkBitMap*) 0x00007f8f871b1260
 Begin Bits: [0x00007f8f64280000, 0x00007f8f66140000)
 End Bits:   [0x00007f8f66140000, 0x00007f8f68000000)

Polling page: 0x00007f8f88003000

CodeCache: size=245760Kb used=31547Kb max_used=31734Kb free=214212Kb
 bounds [0x00007f8f709d9000, 0x00007f8f72909000, 0x00007f8f7f9d9000]
 total_blobs=8937 nmethods=8167 adapters=690
 compilation: enabled

Compilation events (10 events):
Event: 635,154 Thread 0x00007f8f800cc000 9881       3       java.util.TaskQueue::getMin (7 bytes)
Event: 635,155 Thread 0x00007f8f800cc000 nmethod 9881 0x00007f8f70c64550 code [0x00007f8f70c646c0, 0x00007f8f70c64830]
Event: 654,237 Thread 0x00007f8f800ca000 9882  s    4       org.apache.tomcat.util.collections.SynchronizedQueue::poll (61 bytes)
Event: 654,242 Thread 0x00007f8f800ca000 nmethod 9882 0x00007f8f710b9dd0 code [0x00007f8f710b9f20, 0x00007f8f710ba278]
Event: 675,156 Thread 0x00007f8f800cc000 9883       1       org.apache.tomcat.jdbc.pool.ConnectionPool::access$300 (5 bytes)
Event: 675,157 Thread 0x00007f8f800cc000 nmethod 9883 0x00007f8f71141150 code [0x00007f8f711412a0, 0x00007f8f71141390]
Event: 677,718 Thread 0x00007f8f800c7000 9884   !   4       sun.nio.ch.SelectorImpl::processDeregisterQueue (101 bytes)
Event: 677,728 Thread 0x00007f8f800c7000 nmethod 9884 0x00007f8f71236510 code [0x00007f8f712366e0, 0x00007f8f71236d10]
Event: 696,770 Thread 0x00007f8f800ca000 9885   !   4       java.util.AbstractSet::equals (48 bytes)
Event: 696,776 Thread 0x00007f8f800ca000 nmethod 9885 0x00007f8f715715d0 code [0x00007f8f71571740, 0x00007f8f71571958]

GC Heap History (10 events):
Event: 533,473 GC heap after
Heap after GC invocations=27 (full 7):
 PSYoungGen      total 321024K, used 6843K [0x00000000d7000000, 0x00000000ee180000, 0x0000000100000000)
  eden space 303616K, 0% used [0x00000000d7000000,0x00000000d7000000,0x00000000e9880000)
  from space 17408K, 39% used [0x00000000ea880000,0x00000000eaf2ec98,0x00000000eb980000)
  to   space 16384K, 0% used [0x00000000e9880000,0x00000000e9880000,0x00000000ea880000)
 ParOldGen       total 102912K, used 37800K [0x0000000085000000, 0x000000008b480000, 0x00000000d7000000)
  object space 102912K, 36% used [0x0000000085000000,0x00000000874ea3e8,0x000000008b480000)
 Metaspace       used 58877K, capacity 60424K, committed 60632K, reserved 1101824K
  class space    used 6979K, capacity 7381K, committed 7424K, reserved 1048576K
}
Event: 559,028 GC heap before
{Heap before GC invocations=28 (full 7):
 PSYoungGen      total 321024K, used 38322K [0x00000000d7000000, 0x00000000ee180000, 0x0000000100000000)
  eden space 303616K, 10% used [0x00000000d7000000,0x00000000d8ebdbb0,0x00000000e9880000)
  from space 17408K, 39% used [0x00000000ea880000,0x00000000eaf2ec98,0x00000000eb980000)
  to   space 16384K, 0% used [0x00000000e9880000,0x00000000e9880000,0x00000000ea880000)
 ParOldGen       total 102912K, used 37800K [0x0000000085000000, 0x000000008b480000, 0x00000000d7000000)
  object space 102912K, 36% used [0x0000000085000000,0x00000000874ea3e8,0x000000008b480000)
 Metaspace       used 58880K, capacity 60430K, committed 60632K, reserved 1101824K
  class space    used 6980K, capacity 7383K, committed 7424K, reserved 1048576K
Event: 559,036 GC heap after
Heap after GC invocations=28 (full 7):
 PSYoungGen      total 320000K, used 3296K [0x00000000d7000000, 0x00000000ee080000, 0x0000000100000000)
  eden space 303616K, 0% used [0x00000000d7000000,0x00000000d7000000,0x00000000e9880000)
  from space 16384K, 20% used [0x00000000e9880000,0x00000000e9bb80a0,0x00000000ea880000)
  to   space 15872K, 0% used [0x00000000ed100000,0x00000000ed100000,0x00000000ee080000)
 ParOldGen       total 102912K, used 37808K [0x0000000085000000, 0x000000008b480000, 0x00000000d7000000)
  object space 102912K, 36% used [0x0000000085000000,0x00000000874ec3e8,0x000000008b480000)
 Metaspace       used 58880K, capacity 60430K, committed 60632K, reserved 1101824K
  class space    used 6980K, capacity 7383K, committed 7424K, reserved 1048576K
}
Event: 559,036 GC heap before
{Heap before GC invocations=29 (full 8):
 PSYoungGen      total 320000K, used 3296K [0x00000000d7000000, 0x00000000ee080000, 0x0000000100000000)
  eden space 303616K, 0% used [0x00000000d7000000,0x00000000d7000000,0x00000000e9880000)
  from space 16384K, 20% used [0x00000000e9880000,0x00000000e9bb80a0,0x00000000ea880000)
  to   space 15872K, 0% used [0x00000000ed100000,0x00000000ed100000,0x00000000ee080000)
 ParOldGen       total 102912K, used 37808K [0x0000000085000000, 0x000000008b480000, 0x00000000d7000000)
  object space 102912K, 36% used [0x0000000085000000,0x00000000874ec3e8,0x000000008b480000)
 Metaspace       used 58880K, capacity 60430K, committed 60632K, reserved 1101824K
  class space    used 6980K, capacity 7383K, committed 7424K, reserved 1048576K
Event: 559,343 GC heap after
Heap after GC invocations=29 (full 8):
 PSYoungGen      total 320000K, used 0K [0x00000000d7000000, 0x00000000ee080000, 0x0000000100000000)
  eden space 303616K, 0% used [0x00000000d7000000,0x00000000d7000000,0x00000000e9880000)
  from space 16384K, 0% used [0x00000000e9880000,0x00000000e9880000,0x00000000ea880000)
  to   space 15872K, 0% used [0x00000000ed100000,0x00000000ed100000,0x00000000ee080000)
 ParOldGen       total 102912K, used 38479K [0x0000000085000000, 0x000000008b480000, 0x00000000d7000000)
  object space 102912K, 37% used [0x0000000085000000,0x0000000087593da0,0x000000008b480000)
 Metaspace       used 58880K, capacity 60430K, committed 60632K, reserved 1101824K
  class space    used 6980K, capacity 7383K, committed 7424K, reserved 1048576K
}
Event: 564,321 GC heap before
{Heap before GC invocations=30 (full 8):
 PSYoungGen      total 320000K, used 228586K [0x00000000d7000000, 0x00000000ee080000, 0x0000000100000000)
  eden space 303616K, 75% used [0x00000000d7000000,0x00000000e4f3abc0,0x00000000e9880000)
  from space 16384K, 0% used [0x00000000e9880000,0x00000000e9880000,0x00000000ea880000)
  to   space 15872K, 0% used [0x00000000ed100000,0x00000000ed100000,0x00000000ee080000)
 ParOldGen       total 102912K, used 38479K [0x0000000085000000, 0x000000008b480000, 0x00000000d7000000)
  object space 102912K, 37% used [0x0000000085000000,0x0000000087593da0,0x000000008b480000)
 Metaspace       used 59206K, capacity 60824K, committed 61016K, reserved 1103872K
  class space    used 6995K, capacity 7427K, committed 7552K, reserved 1048576K
Event: 564,328 GC heap after
Heap after GC invocations=30 (full 8):
 PSYoungGen      total 360448K, used 4322K [0x00000000d7000000, 0x00000000edf80000, 0x0000000100000000)
  eden space 345600K, 0% used [0x00000000d7000000,0x00000000d7000000,0x00000000ec180000)
  from space 14848K, 29% used [0x00000000ed100000,0x00000000ed538af0,0x00000000edf80000)
  to   space 15360K, 0% used [0x00000000ec180000,0x00000000ec180000,0x00000000ed080000)
 ParOldGen       total 102912K, used 38487K [0x0000000085000000, 0x000000008b480000, 0x00000000d7000000)
  object space 102912K, 37% used [0x0000000085000000,0x0000000087595da0,0x000000008b480000)
 Metaspace       used 59206K, capacity 60824K, committed 61016K, reserved 1103872K
  class space    used 6995K, capacity 7427K, committed 7552K, reserved 1048576K
}
Event: 564,328 GC heap before
{Heap before GC invocations=31 (full 9):
 PSYoungGen      total 360448K, used 4322K [0x00000000d7000000, 0x00000000edf80000, 0x0000000100000000)
  eden space 345600K, 0% used [0x00000000d7000000,0x00000000d7000000,0x00000000ec180000)
  from space 14848K, 29% used [0x00000000ed100000,0x00000000ed538af0,0x00000000edf80000)
  to   space 15360K, 0% used [0x00000000ec180000,0x00000000ec180000,0x00000000ed080000)
 ParOldGen       total 102912K, used 38487K [0x0000000085000000, 0x000000008b480000, 0x00000000d7000000)
  object space 102912K, 37% used [0x0000000085000000,0x0000000087595da0,0x000000008b480000)
 Metaspace       used 59206K, capacity 60824K, committed 61016K, reserved 1103872K
  class space    used 6995K, capacity 7427K, committed 7552K, reserved 1048576K
Event: 564,451 GC heap after
Heap after GC invocations=31 (full 9):
 PSYoungGen      total 360448K, used 0K [0x00000000d7000000, 0x00000000edf80000, 0x0000000100000000)
  eden space 345600K, 0% used [0x00000000d7000000,0x00000000d7000000,0x00000000ec180000)
  from space 14848K, 0% used [0x00000000ed100000,0x00000000ed100000,0x00000000edf80000)
  to   space 15360K, 0% used [0x00000000ec180000,0x00000000ec180000,0x00000000ed080000)
 ParOldGen       total 102912K, used 41154K [0x0000000085000000, 0x000000008b480000, 0x00000000d7000000)
  object space 102912K, 39% used [0x0000000085000000,0x0000000087830a60,0x000000008b480000)
 Metaspace       used 59206K, capacity 60824K, committed 61016K, reserved 1103872K
  class space    used 6995K, capacity 7427K, committed 7552K, reserved 1048576K
}
Event: 710,515 GC heap before
{Heap before GC invocations=32 (full 9):
 PSYoungGen      total 360448K, used 345600K [0x00000000d7000000, 0x00000000edf80000, 0x0000000100000000)
  eden space 345600K, 100% used [0x00000000d7000000,0x00000000ec180000,0x00000000ec180000)
  from space 14848K, 0% used [0x00000000ed100000,0x00000000ed100000,0x00000000edf80000)
  to   space 15360K, 0% used [0x00000000ec180000,0x00000000ec180000,0x00000000ed080000)
 ParOldGen       total 102912K, used 41154K [0x0000000085000000, 0x000000008b480000, 0x00000000d7000000)
  object space 102912K, 39% used [0x0000000085000000,0x0000000087830a60,0x000000008b480000)
 Metaspace       used 59973K, capacity 61834K, committed 62040K, reserved 1103872K
  class space    used 7046K, capacity 7530K, committed 7552K, reserved 1048576K

Deoptimization events (10 events):
Event: 443,579 Thread 0x00007f8f14245000 Uncommon trap: reason=array_check action=maybe_recompile pc=0x00007f8f70d493c8 method=java.util.Arrays.fill([Ljava/lang/Object;Ljava/lang/Object;)V @ 13
Event: 443,579 Thread 0x00007f8f14245000 Uncommon trap: reason=array_check action=maybe_recompile pc=0x00007f8f70d493c8 method=java.util.Arrays.fill([Ljava/lang/Object;Ljava/lang/Object;)V @ 13
Event: 443,798 Thread 0x00007f8f14245000 Uncommon trap: reason=array_check action=maybe_recompile pc=0x00007f8f724b7ac4 method=java.util.TimSort.binarySort([Ljava/lang/Object;IIILjava/util/Comparator;)V @ 193
Event: 444,034 Thread 0x00007f8f14245000 Uncommon trap: reason=array_check action=maybe_recompile pc=0x00007f8f724b7ac4 method=java.util.TimSort.binarySort([Ljava/lang/Object;IIILjava/util/Comparator;)V @ 193
Event: 560,537 Thread 0x00007f8eec027800 Uncommon trap: reason=array_check action=maybe_recompile pc=0x00007f8f7266ddd4 method=java.util.TimSort.binarySort([Ljava/lang/Object;IIILjava/util/Comparator;)V @ 215
Event: 560,762 Thread 0x00007f8eec027800 Uncommon trap: reason=array_check action=maybe_recompile pc=0x00007f8f7266ddd4 method=java.util.TimSort.binarySort([Ljava/lang/Object;IIILjava/util/Comparator;)V @ 215
Event: 564,603 Thread 0x00007f8f244d9000 Uncommon trap: reason=array_check action=maybe_recompile pc=0x00007f8f72692364 method=org.springframework.util.ObjectUtils.addObjectToArray([Ljava/lang/Object;Ljava/lang/Object;)[Ljava/lang/Object; @ 75
Event: 564,605 Thread 0x00007f8f244d9000 Uncommon trap: reason=array_check action=maybe_recompile pc=0x00007f8f72692364 method=org.springframework.util.ObjectUtils.addObjectToArray([Ljava/lang/Object;Ljava/lang/Object;)[Ljava/lang/Object; @ 75
Event: 564,606 Thread 0x00007f8f244d9000 Uncommon trap: reason=array_check action=maybe_recompile pc=0x00007f8f72692364 method=org.springframework.util.ObjectUtils.addObjectToArray([Ljava/lang/Object;Ljava/lang/Object;)[Ljava/lang/Object; @ 75
Event: 564,606 Thread 0x00007f8f244d9000 Uncommon trap: reason=array_check action=maybe_recompile pc=0x00007f8f72692364 method=org.springframework.util.ObjectUtils.addObjectToArray([Ljava/lang/Object;Ljava/lang/Object;)[Ljava/lang/Object; @ 75

Internal exceptions (10 events):
Event: 565,264 Thread 0x00007f8f244d9000 Exception <a 'java/lang/ClassNotFoundException': org/remipassmoilesel/abcmapfr/entities/VoteCustomizer> (0x00000000e1c8e940) thrown at [/build/openjdk-8-XBM715/openjdk-8-8u131-b11/src/hotspot/src/share/vm/classfile/systemDictionary.cpp, line 210]
Event: 565,266 Thread 0x00007f8f244d9000 Exception <a 'java/lang/ClassNotFoundException': java/lang/ObjectCustomizer> (0x00000000e1cc33c0) thrown at [/build/openjdk-8-XBM715/openjdk-8-8u131-b11/src/hotspot/src/share/vm/classfile/systemDictionary.cpp, line 210]
Event: 565,267 Thread 0x00007f8f244d9000 Exception <a 'java/lang/ClassNotFoundException': org/remipassmoilesel/abcmapfr/entities/MessageCustomizer> (0x00000000e1ce2a00) thrown at [/build/openjdk-8-XBM715/openjdk-8-8u131-b11/src/hotspot/src/share/vm/classfile/systemDictionary.cpp, line 210]
Event: 565,277 Thread 0x00007f8f244d9000 Exception <a 'java/lang/reflect/InvocationTargetException'> (0x00000000e1d6f0c0) thrown at [/build/openjdk-8-XBM715/openjdk-8-8u131-b11/src/hotspot/src/share/vm/runtime/reflection.cpp, line 1092]
Event: 565,282 Thread 0x00007f8f244d9000 Exception <a 'java/lang/ClassNotFoundException': java/lang/ObjectCustomizer> (0x00000000e1de86a8) thrown at [/build/openjdk-8-XBM715/openjdk-8-8u131-b11/src/hotspot/src/share/vm/classfile/systemDictionary.cpp, line 210]
Event: 565,283 Thread 0x00007f8f244d9000 Exception <a 'java/lang/ClassNotFoundException': org/remipassmoilesel/abcmapfr/controllers/MainControllerCustomizer> (0x00000000e1e09ba0) thrown at [/build/openjdk-8-XBM715/openjdk-8-8u131-b11/src/hotspot/src/share/vm/classfile/systemDictionary.cpp, line 
Event: 565,285 Thread 0x00007f8f244d9000 Exception <a 'java/lang/ClassNotFoundException': java/lang/ObjectCustomizer> (0x00000000e1e3a6c0) thrown at [/build/openjdk-8-XBM715/openjdk-8-8u131-b11/src/hotspot/src/share/vm/classfile/systemDictionary.cpp, line 210]
Event: 565,285 Thread 0x00007f8f244d9000 Exception <a 'java/lang/ClassNotFoundException': org/remipassmoilesel/abcmapfr/controllers/VoteControllerCustomizer> (0x00000000e1e5bb38) thrown at [/build/openjdk-8-XBM715/openjdk-8-8u131-b11/src/hotspot/src/share/vm/classfile/systemDictionary.cpp, line 
Event: 565,607 Thread 0x00007f8f244d9000 Exception <a 'java/lang/ClassNotFoundException': java/lang/ObjectCustomizer> (0x00000000e4385088) thrown at [/build/openjdk-8-XBM715/openjdk-8-8u131-b11/src/hotspot/src/share/vm/classfile/systemDictionary.cpp, line 210]
Event: 565,608 Thread 0x00007f8f244d9000 Exception <a 'java/lang/ClassNotFoundException': org/remipassmoilesel/abcmapfr/entities/VoteCustomizer> (0x00000000e43a2e50) thrown at [/build/openjdk-8-XBM715/openjdk-8-8u131-b11/src/hotspot/src/share/vm/classfile/systemDictionary.cpp, line 210]

Events (10 events):
Event: 654,242 Thread 0x00007f8f800ca000 flushing nmethod 0x00007f8f711327d0
Event: 654,242 Thread 0x00007f8f800ca000 flushing nmethod 0x00007f8f71141150
Event: 654,243 Thread 0x00007f8f800ca000 flushing nmethod 0x00007f8f711b8710
Event: 654,243 Thread 0x00007f8f800ca000 flushing nmethod 0x00007f8f71218050
Event: 654,243 Thread 0x00007f8f800ca000 flushing nmethod 0x00007f8f71236150
Event: 675,158 Thread 0x00007f8f800cc000 flushing nmethod 0x00007f8f71398050
Event: 675,158 Thread 0x00007f8f800cc000 flushing nmethod 0x00007f8f713b23d0
Event: 677,729 Thread 0x00007f8f800c7000 flushing nmethod 0x00007f8f71571450
Event: 696,776 Thread 0x00007f8f800ca000 flushing nmethod 0x00007f8f715d7dd0
Event: 710,515 Executing VM operation: ParallelGCFailedAllocation


Dynamic libraries:
85000000-8b480000 rw-p 00000000 00:00 0 
8b480000-d7000000 ---p 00000000 00:00 0 
d7000000-edf80000 rw-p 00000000 00:00 0 
edf80000-100000000 ---p 00000000 00:00 0 
100000000-100760000 rw-p 00000000 00:00 0 
100760000-140000000 ---p 00000000 00:00 0 
55ac21663000-55ac21664000 r-xp 00000000 08:12 931720                     /usr/lib/jvm/java-8-openjdk-amd64/jre/bin/java
55ac21863000-55ac21864000 r--p 00000000 08:12 931720                     /usr/lib/jvm/java-8-openjdk-amd64/jre/bin/java
55ac21864000-55ac21865000 rw-p 00001000 08:12 931720                     /usr/lib/jvm/java-8-openjdk-amd64/jre/bin/java
55ac2265c000-55ac226c2000 rw-p 00000000 00:00 0                          [heap]
7f8eec000000-7f8eec063000 rw-p 00000000 00:00 0 
7f8eec063000-7f8ef0000000 ---p 00000000 00:00 0 
7f8ef0000000-7f8ef0679000 rw-p 00000000 00:00 0 
7f8ef0679000-7f8ef4000000 ---p 00000000 00:00 0 
7f8ef4000000-7f8ef4027000 rw-p 00000000 00:00 0 
7f8ef4027000-7f8ef8000000 ---p 00000000 00:00 0 
7f8ef8000000-7f8ef82fa000 rw-p 00000000 00:00 0 
7f8ef82fa000-7f8efc000000 ---p 00000000 00:00 0 
7f8efc000000-7f8efc033000 rw-p 00000000 00:00 0 
7f8efc033000-7f8f00000000 ---p 00000000 00:00 0 
7f8f00000000-7f8f0005b000 rw-p 00000000 00:00 0 
7f8f0005b000-7f8f04000000 ---p 00000000 00:00 0 
7f8f04000000-7f8f04177000 rw-p 00000000 00:00 0 
7f8f04177000-7f8f08000000 ---p 00000000 00:00 0 
7f8f08000000-7f8f08021000 rw-p 00000000 00:00 0 
7f8f08021000-7f8f0c000000 ---p 00000000 00:00 0 
7f8f0c000000-7f8f0c37d000 rw-p 00000000 00:00 0 
7f8f0c37d000-7f8f10000000 ---p 00000000 00:00 0 
7f8f10000000-7f8f10c97000 rw-p 00000000 00:00 0 
7f8f10c97000-7f8f14000000 ---p 00000000 00:00 0 
7f8f14000000-7f8f14281000 rw-p 00000000 00:00 0 
7f8f14281000-7f8f18000000 ---p 00000000 00:00 0 
7f8f18000000-7f8f1831e000 rw-p 00000000 00:00 0 
7f8f1831e000-7f8f1c000000 ---p 00000000 00:00 0 
7f8f1c1dc000-7f8f1c31c000 rw-p 00000000 00:00 0 
7f8f1c31c000-7f8f1c3dc000 ---p 00000000 00:00 0 
7f8f1c3dc000-7f8f1c5dc000 rw-p 00000000 00:00 0 
7f8f1c5dc000-7f8f1c7dc000 rw-p 00000000 00:00 0 
7f8f1c7dc000-7f8f1c9dc000 rw-p 00000000 00:00 0 
7f8f1c9dc000-7f8f1cbdc000 rw-p 00000000 00:00 0 
7f8f1cbdc000-7f8f1cbdf000 ---p 00000000 00:00 0 
7f8f1cbdf000-7f8f1ccdd000 rw-p 00000000 00:00 0 
7f8f1ccdd000-7f8f1cce0000 ---p 00000000 00:00 0 
7f8f1cce0000-7f8f1cdde000 rw-p 00000000 00:00 0 
7f8f1cdde000-7f8f1cde1000 ---p 00000000 00:00 0 
7f8f1cde1000-7f8f1cedf000 rw-p 00000000 00:00 0 
7f8f1cedf000-7f8f1cee2000 ---p 00000000 00:00 0 
7f8f1cee2000-7f8f1cfe0000 rw-p 00000000 00:00 0 
7f8f1cfe0000-7f8f1cfe3000 ---p 00000000 00:00 0 
7f8f1cfe3000-7f8f1d0e1000 rw-p 00000000 00:00 0 
7f8f1d0e1000-7f8f1d0e4000 ---p 00000000 00:00 0 
7f8f1d0e4000-7f8f1d1e2000 rw-p 00000000 00:00 0 
7f8f1d1e2000-7f8f1d1e5000 ---p 00000000 00:00 0 
7f8f1d1e5000-7f8f1d2e3000 rw-p 00000000 00:00 0 
7f8f1d2e3000-7f8f1d2e6000 ---p 00000000 00:00 0 
7f8f1d2e6000-7f8f1d3e4000 rw-p 00000000 00:00 0 
7f8f1d3e4000-7f8f1d3e7000 ---p 00000000 00:00 0 
7f8f1d3e7000-7f8f1d4e5000 rw-p 00000000 00:00 0 
7f8f1d4e5000-7f8f1d4e8000 ---p 00000000 00:00 0 
7f8f1d4e8000-7f8f1d5e6000 rw-p 00000000 00:00 0 
7f8f1d5e6000-7f8f1d5e9000 ---p 00000000 00:00 0 
7f8f1d5e9000-7f8f1d6e7000 rw-p 00000000 00:00 0 
7f8f1d6e7000-7f8f1d6ea000 ---p 00000000 00:00 0 
7f8f1d6ea000-7f8f1d7e8000 rw-p 00000000 00:00 0 
7f8f1d7e8000-7f8f1d7eb000 ---p 00000000 00:00 0 
7f8f1d7eb000-7f8f1d8e9000 rw-p 00000000 00:00 0 
7f8f1d8e9000-7f8f1d8ec000 ---p 00000000 00:00 0 
7f8f1d8ec000-7f8f1dbea000 rw-p 00000000 00:00 0 
7f8f1dbea000-7f8f1dbed000 ---p 00000000 00:00 0 
7f8f1dbed000-7f8f1dceb000 rw-p 00000000 00:00 0 
7f8f1dceb000-7f8f1dcee000 ---p 00000000 00:00 0 
7f8f1dcee000-7f8f1ddec000 rw-p 00000000 00:00 0 
7f8f1ddec000-7f8f1ddef000 ---p 00000000 00:00 0 
7f8f1ddef000-7f8f1e0ed000 rw-p 00000000 00:00 0 
7f8f1e0ed000-7f8f1e2ed000 rw-p 00000000 00:00 0 
7f8f1e2ed000-7f8f1e4ed000 rw-p 00000000 00:00 0 
7f8f1e4ed000-7f8f1e6ed000 rw-p 00000000 00:00 0 
7f8f1e6ed000-7f8f1e8ed000 rw-p 00000000 00:00 0 
7f8f1e8ed000-7f8f1eae3000 rw-p 00000000 00:00 0 
7f8f1eae3000-7f8f1eaed000 ---p 00000000 00:00 0 
7f8f1eaed000-7f8f1eced000 rw-p 00000000 00:00 0 
7f8f1eced000-7f8f1ecf0000 ---p 00000000 00:00 0 
7f8f1ecf0000-7f8f1edee000 rw-p 00000000 00:00 0 
7f8f1edee000-7f8f1edf1000 ---p 00000000 00:00 0 
7f8f1edf1000-7f8f1eeef000 rw-p 00000000 00:00 0 
7f8f1eeef000-7f8f1eef2000 ---p 00000000 00:00 0 
7f8f1eef2000-7f8f1eff0000 rw-p 00000000 00:00 0 
7f8f1eff0000-7f8f1eff3000 ---p 00000000 00:00 0 
7f8f1eff3000-7f8f1f2f1000 rw-p 00000000 00:00 0 
7f8f1f2ff000-7f8f1f4ff000 rw-p 00000000 00:00 0 
7f8f1f4ff000-7f8f1f6ff000 rw-p 00000000 00:00 0 
7f8f1f6ff000-7f8f1f8ff000 rw-p 00000000 00:00 0 
7f8f1f8ff000-7f8f1faff000 rw-p 00000000 00:00 0 
7f8f1faff000-7f8f1fb02000 ---p 00000000 00:00 0 
7f8f1fb02000-7f8f1fe00000 rw-p 00000000 00:00 0 
7f8f1fe00000-7f8f20000000 rw-p 00000000 00:00 0 
7f8f20000000-7f8f20058000 rw-p 00000000 00:00 0 
7f8f20058000-7f8f24000000 ---p 00000000 00:00 0 
7f8f24000000-7f8f259a9000 rw-p 00000000 00:00 0 
7f8f259a9000-7f8f28000000 ---p 00000000 00:00 0 
7f8f28000000-7f8f28049000 rw-p 00000000 00:00 0 
7f8f28049000-7f8f2c000000 ---p 00000000 00:00 0 
7f8f2c000000-7f8f2c050000 rw-p 00000000 00:00 0 
7f8f2c050000-7f8f30000000 ---p 00000000 00:00 0 
7f8f30000000-7f8f32a55000 rw-p 00000000 00:00 0 
7f8f32a55000-7f8f34000000 ---p 00000000 00:00 0 
7f8f34000000-7f8f356ba000 rw-p 00000000 00:00 0 
7f8f356ba000-7f8f38000000 ---p 00000000 00:00 0 
7f8f38000000-7f8f3804a000 rw-p 00000000 00:00 0 
7f8f3804a000-7f8f3c000000 ---p 00000000 00:00 0 
7f8f3c000000-7f8f3e9ae000 rw-p 00000000 00:00 0 
7f8f3e9ae000-7f8f40000000 ---p 00000000 00:00 0 
7f8f40000000-7f8f40021000 rw-p 00000000 00:00 0 
7f8f40021000-7f8f44000000 ---p 00000000 00:00 0 
7f8f44000000-7f8f44021000 rw-p 00000000 00:00 0 
7f8f44021000-7f8f48000000 ---p 00000000 00:00 0 
7f8f48000000-7f8f48021000 rw-p 00000000 00:00 0 
7f8f48021000-7f8f4c000000 ---p 00000000 00:00 0 
7f8f4c000000-7f8f4c021000 rw-p 00000000 00:00 0 
7f8f4c021000-7f8f50000000 ---p 00000000 00:00 0 
7f8f50000000-7f8f50021000 rw-p 00000000 00:00 0 
7f8f50021000-7f8f54000000 ---p 00000000 00:00 0 
7f8f54000000-7f8f540e4000 rw-p 00000000 00:00 0 
7f8f540e4000-7f8f58000000 ---p 00000000 00:00 0 
7f8f58000000-7f8f58021000 rw-p 00000000 00:00 0 
7f8f58021000-7f8f5c000000 ---p 00000000 00:00 0 
7f8f5c000000-7f8f5c0e9000 rw-p 00000000 00:00 0 
7f8f5c0e9000-7f8f60000000 ---p 00000000 00:00 0 
7f8f60000000-7f8f6002c000 rw-p 00000000 00:00 0 
7f8f6002c000-7f8f64000000 ---p 00000000 00:00 0 
7f8f64080000-7f8f68000000 rw-p 00000000 00:00 0 
7f8f68000000-7f8f6827d000 rw-p 00000000 00:00 0 
7f8f6827d000-7f8f6c000000 ---p 00000000 00:00 0 
7f8f6c023000-7f8f6c028000 r--s 0009a000 08:12 931803                     /usr/lib/jvm/java-8-openjdk-amd64/jre/lib/jsse.jar
7f8f6c028000-7f8f6c02d000 r--s 002f9000 08:12 931770                     /usr/lib/jvm/java-8-openjdk-amd64/jre/lib/charsets.jar
7f8f6c02d000-7f8f6c22d000 rw-p 00000000 00:00 0 
7f8f6c22d000-7f8f6c42d000 rw-p 00000000 00:00 0 
7f8f6c42d000-7f8f6c430000 ---p 00000000 00:00 0 
7f8f6c430000-7f8f6c52e000 rw-p 00000000 00:00 0 
7f8f6c52e000-7f8f6c537000 r-xp 00000000 08:12 931756                     /usr/lib/jvm/java-8-openjdk-amd64/jre/lib/amd64/libmanagement.so
7f8f6c537000-7f8f6c736000 ---p 00009000 08:12 931756                     /usr/lib/jvm/java-8-openjdk-amd64/jre/lib/amd64/libmanagement.so
7f8f6c736000-7f8f6c737000 r--p 00008000 08:12 931756                     /usr/lib/jvm/java-8-openjdk-amd64/jre/lib/amd64/libmanagement.so
7f8f6c737000-7f8f6c738000 rw-p 00009000 08:12 931756                     /usr/lib/jvm/java-8-openjdk-amd64/jre/lib/amd64/libmanagement.so
7f8f6c738000-7f8f6c73b000 ---p 00000000 00:00 0 
7f8f6c73b000-7f8f6c839000 rw-p 00000000 00:00 0 
7f8f6c839000-7f8f6c83c000 ---p 00000000 00:00 0 
7f8f6c83c000-7f8f6c93a000 rw-p 00000000 00:00 0 
7f8f6c93a000-7f8f6c951000 r-xp 00000000 08:12 931758                     /usr/lib/jvm/java-8-openjdk-amd64/jre/lib/amd64/libnet.so
7f8f6c951000-7f8f6cb50000 ---p 00017000 08:12 931758                     /usr/lib/jvm/java-8-openjdk-amd64/jre/lib/amd64/libnet.so
7f8f6cb50000-7f8f6cb51000 r--p 00016000 08:12 931758                     /usr/lib/jvm/java-8-openjdk-amd64/jre/lib/amd64/libnet.so
7f8f6cb51000-7f8f6cb52000 rw-p 00017000 08:12 931758                     /usr/lib/jvm/java-8-openjdk-amd64/jre/lib/amd64/libnet.so
7f8f6cb52000-7f8f6cb63000 r-xp 00000000 08:12 931759                     /usr/lib/jvm/java-8-openjdk-amd64/jre/lib/amd64/libnio.so
7f8f6cb63000-7f8f6cd63000 ---p 00011000 08:12 931759                     /usr/lib/jvm/java-8-openjdk-amd64/jre/lib/amd64/libnio.so
7f8f6cd63000-7f8f6cd64000 r--p 00011000 08:12 931759                     /usr/lib/jvm/java-8-openjdk-amd64/jre/lib/amd64/libnio.so
7f8f6cd64000-7f8f6cd65000 rw-p 00012000 08:12 931759                     /usr/lib/jvm/java-8-openjdk-amd64/jre/lib/amd64/libnio.so
7f8f6cd65000-7f8f6cd6c000 r--s 00000000 08:12 1051524                    /usr/lib/x86_64-linux-gnu/gconv/gconv-modules.cache
7f8f6cd6c000-7f8f6cd92000 r--p 00000000 08:12 1316867                    /usr/share/locale-langpack/fr/LC_MESSAGES/libc.mo
7f8f6cd92000-7f8f6cd94000 r--s 0001e000 08:14 264566                     /home/remipassmoilesel/intellij/lib/idea_rt.jar
7f8f6cd94000-7f8f6cd95000 r--s 00009000 08:14 1835193                    /home/remipassmoilesel/.m2/repository/org/apache/commons/commons-csv/1.4/commons-csv-1.4.jar
7f8f6cd95000-7f8f6cd98000 r--s 00013000 08:14 1063336                    /home/remipassmoilesel/.m2/repository/commons-io/commons-io/1.3.2/commons-io-1.3.2.jar
7f8f6cd98000-7f8f6cd9b000 r--s 00020000 08:14 1179983                    /home/remipassmoilesel/.m2/repository/org/unbescape/unbescape/1.1.0.RELEASE/unbescape-1.1.0.RELEASE.jar
7f8f6cd9b000-7f8f6cd9e000 r--s 00035000 08:14 1179980                    /home/remipassmoilesel/.m2/repository/ognl/ognl/3.0.8/ognl-3.0.8.jar
7f8f6cd9e000-7f8f6cdab000 r--s 000b7000 08:14 1179979                    /home/remipassmoilesel/.m2/repository/org/thymeleaf/thymeleaf/2.1.5.RELEASE/thymeleaf-2.1.5.RELEASE.jar
7f8f6cdab000-7f8f6cdf8000 r--s 0040d000 08:14 1182121                    /home/remipassmoilesel/.m2/repository/org/codehaus/groovy/groovy/2.4.11/groovy-2.4.11.jar
7f8f6cdf8000-7f8f6cdfb000 r--s 00016000 08:14 1182336                    /home/remipassmoilesel/.m2/repository/nz/net/ultraq/thymeleaf/thymeleaf-layout-dialect/1.3.1/thymeleaf-layout-dialect-1.3.1.jar
7f8f6cdfb000-7f8f6cdfe000 r--s 00034000 08:14 1179977                    /home/remipassmoilesel/.m2/repository/org/thymeleaf/thymeleaf-spring4/2.1.5.RELEASE/thymeleaf-spring4-2.1.5.RELEASE.jar
7f8f6cdfe000-7f8f6ce0f000 r--s 000cf000 08:14 1182119                    /home/remipassmoilesel/.m2/repository/org/springframework/spring-webmvc/4.3.9.RELEASE/spring-webmvc-4.3.9.RELEASE.jar
7f8f6ce0f000-7f8f6ce21000 r--s 000b7000 08:14 1182117                    /home/remipassmoilesel/.m2/repository/org/springframework/spring-web/4.3.9.RELEASE/spring-web-4.3.9.RELEASE.jar
7f8f6ce21000-7f8f6ce24000 r--s 00042000 08:14 1444324                    /home/remipassmoilesel/.m2/repository/com/fasterxml/jackson/core/jackson-core/2.8.8/jackson-core-2.8.8.jar
7f8f6ce24000-7f8f6ce27000 r--s 0000b000 08:14 1444321                    /home/remipassmoilesel/.m2/repository/com/fasterxml/jackson/core/jackson-annotations/2.8.0/jackson-annotations-2.8.0.jar
7f8f6ce27000-7f8f6ce39000 r--s 0011d000 08:14 1444319                    /home/remipassmoilesel/.m2/repository/com/fasterxml/jackson/core/jackson-databind/2.8.8/jackson-databind-2.8.8.jar
7f8f6ce39000-7f8f6ce3b000 r--s 0000e000 08:14 1179966                    /home/remipassmoilesel/.m2/repository/com/fasterxml/classmate/1.3.3/classmate-1.3.3.jar
7f8f6ce3b000-7f8f6ce3f000 r--s 0000c000 08:14 1179964                    /home/remipassmoilesel/.m2/repository/javax/validation/validation-api/1.1.0.Final/validation-api-1.1.0.Final.jar
7f8f6ce3f000-7f8f6ce50000 r--s 000a1000 08:14 4325687                    /home/remipassmoilesel/.m2/repository/org/hibernate/hibernate-validator/5.3.5.Final/hibernate-validator-5.3.5.Final.jar
7f8f6ce50000-7f8f6ce56000 r--s 00036000 08:14 1182115                    /home/remipassmoilesel/.m2/repository/org/apache/tomcat/embed/tomcat-embed-websocket/8.5.15/tomcat-embed-websocket-8.5.15.jar
7f8f6ce56000-7f8f6ce5b000 r--s 00036000 08:14 1182113                    /home/remipassmoilesel/.m2/repository/org/apache/tomcat/embed/tomcat-embed-el/8.5.15/tomcat-embed-el-8.5.15.jar
7f8f6ce5b000-7f8f6ce85000 r--s 002c0000 08:14 1182111                    /home/remipassmoilesel/.m2/repository/org/apache/tomcat/embed/tomcat-embed-core/8.5.15/tomcat-embed-core-8.5.15.jar
7f8f6ce85000-7f8f6ce86000 r--s 00000000 08:14 1182109                    /home/remipassmoilesel/.m2/repository/org/springframework/boot/spring-boot-starter-tomcat/1.5.4.RELEASE/spring-boot-starter-tomcat-1.5.4.RELEASE.jar
7f8f6ce86000-7f8f6ce87000 r--s 00000000 08:14 1182107                    /home/remipassmoilesel/.m2/repository/org/springframework/boot/spring-boot-starter-web/1.5.4.RELEASE/spring-boot-starter-web-1.5.4.RELEASE.jar
7f8f6ce87000-7f8f6ce88000 r--s 00000000 08:14 1049790                    /home/remipassmoilesel/.m2/repository/org/springframework/boot/spring-boot-starter-thymeleaf/1.5.4.RELEASE/spring-boot-starter-thymeleaf-1.5.4.RELEASE.jar
7f8f6ce88000-7f8f6ce92000 r--s 000ea000 08:14 1182081                    /home/remipassmoilesel/.m2/repository/mysql/mysql-connector-java/5.1.42/mysql-connector-java-5.1.42.jar
7f8f6ce92000-7f8f6cea8000 r--s 000fc000 08:14 1050434                    /home/remipassmoilesel/.m2/repository/org/springframework/spring-core/4.3.9.RELEASE/spring-core-4.3.9.RELEASE.jar
7f8f6cea8000-7f8f6cec8000 r--s 000e5000 08:14 1050429                    /home/remipassmoilesel/.m2/repository/org/springframework/boot/spring-boot-autoconfigure/1.5.4.RELEASE/spring-boot-autoconfigure-1.5.4.RELEASE.jar
7f8f6cec8000-7f8f6ced8000 r--s 00095000 08:14 1050427                    /home/remipassmoilesel/.m2/repository/org/springframework/boot/spring-boot/1.5.4.RELEASE/spring-boot-1.5.4.RELEASE.jar
7f8f6ced8000-7f8f6cede000 r--s 0002f000 08:14 1182059                    /home/remipassmoilesel/.m2/repository/org/springframework/boot/spring-boot-devtools/1.5.4.RELEASE/spring-boot-devtools-1.5.4.RELEASE.jar
7f8f6cede000-7f8f6cee1000 r--s 0000c000 08:14 1182057                    /home/remipassmoilesel/.m2/repository/org/springframework/spring-aspects/4.3.9.RELEASE/spring-aspects-4.3.9.RELEASE.jar
7f8f6cee1000-7f8f6cee3000 r--s 00003000 08:14 1444308                    /home/remipassmoilesel/.m2/repository/org/slf4j/jcl-over-slf4j/1.7.25/jcl-over-slf4j-1.7.25.jar
7f8f6cee3000-7f8f6cee5000 r--s 00009000 08:14 1444306                    /home/remipassmoilesel/.m2/repository/org/slf4j/slf4j-api/1.7.25/slf4j-api-1.7.25.jar
7f8f6cee5000-7f8f6cef3000 r--s 000ad000 08:14 1182055                    /home/remipassmoilesel/.m2/repository/org/springframework/spring-beans/4.3.9.RELEASE/spring-beans-4.3.9.RELEASE.jar
7f8f6cef3000-7f8f6cefb000 r--s 0003a000 08:14 1182053                    /home/remipassmoilesel/.m2/repository/org/springframework/spring-tx/4.3.9.RELEASE/spring-tx-4.3.9.RELEASE.jar
7f8f6cefb000-7f8f6cf00000 r--s 0003c000 08:14 1182051                    /home/remipassmoilesel/.m2/repository/org/springframework/spring-expression/4.3.9.RELEASE/spring-expression-4.3.9.RELEASE.jar
7f8f6cf00000-7f8f6cf19000 r--s 000fe000 08:14 1050418                    /home/remipassmoilesel/.m2/repository/org/springframework/spring-context/4.3.9.RELEASE/spring-context-4.3.9.RELEASE.jar
7f8f6cf19000-7f8f6cf23000 r--s 0006b000 08:14 1182049                    /home/remipassmoilesel/.m2/repository/org/springframework/spring-orm/4.3.9.RELEASE/spring-orm-4.3.9.RELEASE.jar
7f8f6cf23000-7f8f6cf36000 r--s 000ac000 08:14 1182047                    /home/remipassmoilesel/.m2/repository/org/springframework/data/spring-data-commons/1.13.4.RELEASE/spring-data-commons-1.13.4.RELEASE.jar
7f8f6cf36000-7f8f6cf3d000 r--s 00040000 08:14 1050419                    /home/remipassmoilesel/.m2/repository/org/springframework/data/spring-data-jpa/1.11.4.RELEASE/spring-data-jpa-1.11.4.RELEASE.jar
7f8f6cf3d000-7f8f6cf3f000 r--s 00006000 08:14 4325472                    /home/remipassmoilesel/.m2/repository/javax/transaction/javax.transaction-api/1.2/javax.transaction-api-1.2.jar
7f8f6cf3f000-7f8f6cf4c000 r--s 00089000 08:14 4325571                    /home/remipassmoilesel/.m2/repository/org/hibernate/hibernate-entitymanager/5.0.12.Final/hibernate-entitymanager-5.0.12.Final.jar
7f8f6cf4c000-7f8f6cf4f000 r--s 00010000 08:14 4215667                    /home/remipassmoilesel/.m2/repository/org/hibernate/common/hibernate-commons-annotations/5.0.1.Final/hibernate-commons-annotations-5.0.1.Final.jar
7f8f6cf4f000-7f8f6cf54000 r--s 00048000 08:14 1465758                    /home/remipassmoilesel/.m2/repository/dom4j/dom4j/1.6.1/dom4j-1.6.1.jar
7f8f6cf54000-7f8f6cf57000 r--s 0002b000 08:14 4215665                    /home/remipassmoilesel/.m2/repository/org/jboss/jandex/2.0.0.Final/jandex-2.0.0.Final.jar
7f8f6cf57000-7f8f6cf5c000 r--s 00068000 08:14 1466967                    /home/remipassmoilesel/.m2/repository/antlr/antlr/2.7.7/antlr-2.7.7.jar
7f8f6cf5c000-7f8f6cf66000 r--s 000aa000 08:14 1050417                    /home/remipassmoilesel/.m2/repository/org/javassist/javassist/3.21.0-GA/javassist-3.21.0-GA.jar
7f8f6cf66000-7f8f6cf6b000 r--s 00017000 08:14 4215662                    /home/remipassmoilesel/.m2/repository/org/hibernate/javax/persistence/hibernate-jpa-2.1-api/1.0.0.Final/hibernate-jpa-2.1-api-1.0.0.Final.jar
7f8f6cf6b000-7f8f6cf6e000 r--s 0000e000 08:14 4208718                    /home/remipassmoilesel/.m2/repository/org/jboss/logging/jboss-logging/3.3.1.Final/jboss-logging-3.3.1.Final.jar
7f8f6cf6e000-7f8f6cfd7000 r--s 004f3000 08:14 4208716                    /home/remipassmoilesel/.m2/repository/org/hibernate/hibernate-core/5.0.12.Final/hibernate-core-5.0.12.Final.jar
7f8f6cfd7000-7f8f6cfe1000 r--s 0005f000 08:14 1182045                    /home/remipassmoilesel/.m2/repository/org/springframework/spring-jdbc/4.3.9.RELEASE/spring-jdbc-4.3.9.RELEASE.jar
7f8f6cfe1000-7f8f6cfe3000 r--s 00009000 08:14 1182044                    /home/remipassmoilesel/.m2/repository/org/apache/tomcat/tomcat-juli/8.5.15/tomcat-juli-8.5.15.jar
7f8f6cfe3000-7f8f6cfe6000 r--s 00021000 08:14 1182041                    /home/remipassmoilesel/.m2/repository/org/apache/tomcat/tomcat-jdbc/8.5.15/tomcat-jdbc-8.5.15.jar
7f8f6cfe6000-7f8f6cfe7000 r--s 00000000 08:14 1182039                    /home/remipassmoilesel/.m2/repository/org/springframework/boot/spring-boot-starter-jdbc/1.5.4.RELEASE/spring-boot-starter-jdbc-1.5.4.RELEASE.jar
7f8f6cfe7000-7f8f6cfff000 r--s 001bf000 08:14 1711487                    /home/remipassmoilesel/.m2/repository/org/aspectj/aspectjweaver/1.8.10/aspectjweaver-1.8.10.jar
7f8f6cfff000-7f8f6d008000 r--s 00054000 08:14 1182037                    /home/remipassmoilesel/.m2/repository/org/springframework/spring-aop/4.3.9.RELEASE/spring-aop-4.3.9.RELEASE.jar
7f8f6d008000-7f8f6d009000 r--s 00000000 08:14 1182036                    /home/remipassmoilesel/.m2/repository/org/springframework/boot/spring-boot-starter-aop/1.5.4.RELEASE/spring-boot-starter-aop-1.5.4.RELEASE.jar
7f8f6d009000-7f8f6d00f000 r--s 0003d000 08:14 1179952                    /home/remipassmoilesel/.m2/repository/org/yaml/snakeyaml/1.17/snakeyaml-1.17.jar
7f8f6d00f000-7f8f6d011000 r--s 00004000 08:14 1444304                    /home/remipassmoilesel/.m2/repository/org/slf4j/log4j-over-slf4j/1.7.25/log4j-over-slf4j-1.7.25.jar
7f8f6d011000-7f8f6d013000 r--s 00000000 08:14 1444302                    /home/remipassmoilesel/.m2/repository/org/slf4j/jul-to-slf4j/1.7.25/jul-to-slf4j-1.7.25.jar
7f8f6d013000-7f8f6d01e000 r--s 0006a000 08:14 1182031                    /home/remipassmoilesel/.m2/repository/ch/qos/logback/logback-core/1.1.11/logback-core-1.1.11.jar
7f8f6d01e000-7f8f6d025000 r--s 00045000 08:14 1182033                    /home/remipassmoilesel/.m2/repository/ch/qos/logback/logback-classic/1.1.11/logback-classic-1.1.11.jar
7f8f6d025000-7f8f6d026000 r--s 00000000 08:14 1182029                    /home/remipassmoilesel/.m2/repository/org/springframework/boot/spring-boot-starter-logging/1.5.4.RELEASE/spring-boot-starter-logging-1.5.4.RELEASE.jar
7f8f6d026000-7f8f6d027000 r--s 00000000 08:14 1050415                    /home/remipassmoilesel/.m2/repository/org/springframework/boot/spring-boot-starter/1.5.4.RELEASE/spring-boot-starter-1.5.4.RELEASE.jar
7f8f6d027000-7f8f6d028000 r--s 00000000 08:14 1182027                    /home/remipassmoilesel/.m2/repository/org/springframework/boot/spring-boot-starter-data-jpa/1.5.4.RELEASE/spring-boot-starter-data-jpa-1.5.4.RELEASE.jar
7f8f6d028000-7f8f6d03b000 r--s 00346000 08:12 931808                     /usr/lib/jvm/java-8-openjdk-amd64/jre/lib/resources.jar
7f8f6d03b000-7f8f6d03c000 r--s 00000000 08:12 931806                     /usr/lib/jvm/java-8-openjdk-amd64/jre/lib/management-agent.jar
7f8f6d03c000-7f8f6d041000 r--s 0009a000 08:12 931803                     /usr/lib/jvm/java-8-openjdk-amd64/jre/lib/jsse.jar
7f8f6d041000-7f8f6d05c000 r--s 001d6000 08:12 931785                     /usr/lib/jvm/java-8-openjdk-amd64/jre/lib/ext/nashorn.jar
7f8f6d05c000-7f8f6d077000 r--s 00394000 08:12 931780                     /usr/lib/jvm/java-8-openjdk-amd64/jre/lib/ext/cldrdata.jar
7f8f6d077000-7f8f6d10d000 r--s 008d6000 08:12 1200920                    /usr/share/java/openjfx/jre/lib/ext/jfxrt.jar
7f8f6d10d000-7f8f6d10e000 ---p 00000000 00:00 0 
7f8f6d10e000-7f8f6d20e000 rw-p 00000000 00:00 0 
7f8f6d20e000-7f8f6d211000 ---p 00000000 00:00 0 
7f8f6d211000-7f8f6d30f000 rw-p 00000000 00:00 0 
7f8f6d30f000-7f8f6d312000 ---p 00000000 00:00 0 
7f8f6d312000-7f8f6d410000 rw-p 00000000 00:00 0 
7f8f6d410000-7f8f6d413000 ---p 00000000 00:00 0 
7f8f6d413000-7f8f6d511000 rw-p 00000000 00:00 0 
7f8f6d511000-7f8f6d514000 ---p 00000000 00:00 0 
7f8f6d514000-7f8f6d612000 rw-p 00000000 00:00 0 
7f8f6d612000-7f8f6d615000 ---p 00000000 00:00 0 
7f8f6d615000-7f8f6d713000 rw-p 00000000 00:00 0 
7f8f6d713000-7f8f6d716000 ---p 00000000 00:00 0 
7f8f6d716000-7f8f6d814000 rw-p 00000000 00:00 0 
7f8f6d814000-7f8f6d817000 ---p 00000000 00:00 0 
7f8f6d817000-7f8f6d915000 rw-p 00000000 00:00 0 
7f8f6d915000-7f8f6d919000 r-xp 00000000 08:12 931739                     /usr/lib/jvm/java-8-openjdk-amd64/jre/lib/amd64/libdt_socket.so
7f8f6d919000-7f8f6db18000 ---p 00004000 08:12 931739                     /usr/lib/jvm/java-8-openjdk-amd64/jre/lib/amd64/libdt_socket.so
7f8f6db18000-7f8f6db19000 r--p 00003000 08:12 931739                     /usr/lib/jvm/java-8-openjdk-amd64/jre/lib/amd64/libdt_socket.so
7f8f6db19000-7f8f6db1a000 rw-p 00004000 08:12 931739                     /usr/lib/jvm/java-8-openjdk-amd64/jre/lib/amd64/libdt_socket.so
7f8f6db1a000-7f8f6db1d000 ---p 00000000 00:00 0 
7f8f6db1d000-7f8f6dc1b000 rw-p 00000000 00:00 0 
7f8f6dc1b000-7f8f6dc1e000 ---p 00000000 00:00 0 
7f8f6dc1e000-7f8f6dd1c000 rw-p 00000000 00:00 0 
7f8f6dd1c000-7f8f6dd1f000 ---p 00000000 00:00 0 
7f8f6dd1f000-7f8f6de1d000 rw-p 00000000 00:00 0 
7f8f6de1d000-7f8f6de1e000 ---p 00000000 00:00 0 
7f8f6de1e000-7f8f6ee90000 rw-p 00000000 00:00 0 
7f8f6ee90000-7f8f6f05f000 r--s 03c07000 08:12 931809                     /usr/lib/jvm/java-8-openjdk-amd64/jre/lib/rt.jar
7f8f6f05f000-7f8f6fcad000 rw-p 00000000 00:00 0 
7f8f6fcad000-7f8f6fcae000 ---p 00000000 00:00 0 
7f8f6fcae000-7f8f6fdae000 rw-p 00000000 00:00 0 
7f8f6fdae000-7f8f6fdaf000 ---p 00000000 00:00 0 
7f8f6fdaf000-7f8f6feaf000 rw-p 00000000 00:00 0 
7f8f6feaf000-7f8f6feb0000 ---p 00000000 00:00 0 
7f8f6feb0000-7f8f6ffe3000 rw-p 00000000 00:00 0 
7f8f6ffe3000-7f8f70240000 ---p 00000000 00:00 0 
7f8f70240000-7f8f70273000 rw-p 00000000 00:00 0 
7f8f70273000-7f8f704d0000 ---p 00000000 00:00 0 
7f8f704d0000-7f8f70588000 rw-p 00000000 00:00 0 
7f8f70588000-7f8f70618000 ---p 00000000 00:00 0 
7f8f70618000-7f8f70696000 rw-p 00000000 00:00 0 
7f8f70696000-7f8f709d9000 ---p 00000000 00:00 0 
7f8f709d9000-7f8f72909000 rwxp 00000000 00:00 0 
7f8f72909000-7f8f7f9d9000 ---p 00000000 00:00 0 
7f8f7f9d9000-7f8f7f9e1000 r-xp 00000000 08:12 931766                     /usr/lib/jvm/java-8-openjdk-amd64/jre/lib/amd64/libzip.so
7f8f7f9e1000-7f8f7fbe0000 ---p 00008000 08:12 931766                     /usr/lib/jvm/java-8-openjdk-amd64/jre/lib/amd64/libzip.so
7f8f7fbe0000-7f8f7fbe1000 r--p 00007000 08:12 931766                     /usr/lib/jvm/java-8-openjdk-amd64/jre/lib/amd64/libzip.so
7f8f7fbe1000-7f8f7fbe2000 rw-p 00008000 08:12 931766                     /usr/lib/jvm/java-8-openjdk-amd64/jre/lib/amd64/libzip.so
7f8f7fbe2000-7f8f7fbed000 r-xp 00000000 08:12 1578302                    /lib/x86_64-linux-gnu/libnss_files-2.24.so
7f8f7fbed000-7f8f7fdec000 ---p 0000b000 08:12 1578302                    /lib/x86_64-linux-gnu/libnss_files-2.24.so
7f8f7fdec000-7f8f7fded000 r--p 0000a000 08:12 1578302                    /lib/x86_64-linux-gnu/libnss_files-2.24.so
7f8f7fded000-7f8f7fdee000 rw-p 0000b000 08:12 1578302                    /lib/x86_64-linux-gnu/libnss_files-2.24.so
7f8f7fdee000-7f8f7fdf4000 rw-p 00000000 00:00 0 
7f8f7fdf4000-7f8f7fdff000 r-xp 00000000 08:12 1578312                    /lib/x86_64-linux-gnu/libnss_nis-2.24.so
7f8f7fdff000-7f8f7fffe000 ---p 0000b000 08:12 1578312                    /lib/x86_64-linux-gnu/libnss_nis-2.24.so
7f8f7fffe000-7f8f7ffff000 r--p 0000a000 08:12 1578312                    /lib/x86_64-linux-gnu/libnss_nis-2.24.so
7f8f7ffff000-7f8f80000000 rw-p 0000b000 08:12 1578312                    /lib/x86_64-linux-gnu/libnss_nis-2.24.so
7f8f80000000-7f8f80904000 rw-p 00000000 00:00 0 
7f8f80904000-7f8f84000000 ---p 00000000 00:00 0 
7f8f84000000-7f8f84001000 r--s 00009000 08:12 1200922                    /usr/share/java/openjfx/jre/lib/jfxswt.jar
7f8f84001000-7f8f84004000 r--s 00015000 08:12 931801                     /usr/lib/jvm/java-8-openjdk-amd64/jre/lib/jce.jar
7f8f84004000-7f8f84072000 rw-p 00000000 00:00 0 
7f8f84072000-7f8f84073000 ---p 00000000 00:00 0 
7f8f84073000-7f8f84173000 rw-p 00000000 00:00 0 
7f8f84173000-7f8f84189000 r-xp 00000000 08:12 1578296                    /lib/x86_64-linux-gnu/libnsl-2.24.so
7f8f84189000-7f8f84388000 ---p 00016000 08:12 1578296                    /lib/x86_64-linux-gnu/libnsl-2.24.so
7f8f84388000-7f8f84389000 r--p 00015000 08:12 1578296                    /lib/x86_64-linux-gnu/libnsl-2.24.so
7f8f84389000-7f8f8438a000 rw-p 00016000 08:12 1578296                    /lib/x86_64-linux-gnu/libnsl-2.24.so
7f8f8438a000-7f8f8438c000 rw-p 00000000 00:00 0 
7f8f8438c000-7f8f84394000 r-xp 00000000 08:12 1578298                    /lib/x86_64-linux-gnu/libnss_compat-2.24.so
7f8f84394000-7f8f84593000 ---p 00008000 08:12 1578298                    /lib/x86_64-linux-gnu/libnss_compat-2.24.so
7f8f84593000-7f8f84594000 r--p 00007000 08:12 1578298                    /lib/x86_64-linux-gnu/libnss_compat-2.24.so
7f8f84594000-7f8f84595000 rw-p 00008000 08:12 1578298                    /lib/x86_64-linux-gnu/libnss_compat-2.24.so
7f8f84595000-7f8f84f5c000 r--p 00000000 08:12 792769                     /usr/lib/locale/locale-archive
7f8f84f5c000-7f8f84f5e000 r-xp 00000000 08:12 931760                     /usr/lib/jvm/java-8-openjdk-amd64/jre/lib/amd64/libnpt.so
7f8f84f5e000-7f8f8515e000 ---p 00002000 08:12 931760                     /usr/lib/jvm/java-8-openjdk-amd64/jre/lib/amd64/libnpt.so
7f8f8515e000-7f8f8515f000 r--p 00002000 08:12 931760                     /usr/lib/jvm/java-8-openjdk-amd64/jre/lib/amd64/libnpt.so
7f8f8515f000-7f8f85160000 rw-p 00003000 08:12 931760                     /usr/lib/jvm/java-8-openjdk-amd64/jre/lib/amd64/libnpt.so
7f8f85160000-7f8f8519b000 r-xp 00000000 08:12 931752                     /usr/lib/jvm/java-8-openjdk-amd64/jre/lib/amd64/libjdwp.so
7f8f8519b000-7f8f8539a000 ---p 0003b000 08:12 931752                     /usr/lib/jvm/java-8-openjdk-amd64/jre/lib/amd64/libjdwp.so
7f8f8539a000-7f8f8539b000 r--p 0003a000 08:12 931752                     /usr/lib/jvm/java-8-openjdk-amd64/jre/lib/amd64/libjdwp.so
7f8f8539b000-7f8f8539c000 rw-p 0003b000 08:12 931752                     /usr/lib/jvm/java-8-openjdk-amd64/jre/lib/amd64/libjdwp.so
7f8f8539c000-7f8f853c9000 r-xp 00000000 08:12 931747                     /usr/lib/jvm/java-8-openjdk-amd64/jre/lib/amd64/libjava.so
7f8f853c9000-7f8f855c8000 ---p 0002d000 08:12 931747                     /usr/lib/jvm/java-8-openjdk-amd64/jre/lib/amd64/libjava.so
7f8f855c8000-7f8f855c9000 r--p 0002c000 08:12 931747                     /usr/lib/jvm/java-8-openjdk-amd64/jre/lib/amd64/libjava.so
7f8f855c9000-7f8f855cb000 rw-p 0002d000 08:12 931747                     /usr/lib/jvm/java-8-openjdk-amd64/jre/lib/amd64/libjava.so
7f8f855cb000-7f8f855da000 r-xp 00000000 08:12 931765                     /usr/lib/jvm/java-8-openjdk-amd64/jre/lib/amd64/libverify.so
7f8f855da000-7f8f857d9000 ---p 0000f000 08:12 931765                     /usr/lib/jvm/java-8-openjdk-amd64/jre/lib/amd64/libverify.so
7f8f857d9000-7f8f857db000 r--p 0000e000 08:12 931765                     /usr/lib/jvm/java-8-openjdk-amd64/jre/lib/amd64/libverify.so
7f8f857db000-7f8f857dc000 rw-p 00010000 08:12 931765                     /usr/lib/jvm/java-8-openjdk-amd64/jre/lib/amd64/libverify.so
7f8f857dc000-7f8f857e3000 r-xp 00000000 08:12 1578356                    /lib/x86_64-linux-gnu/librt-2.24.so
7f8f857e3000-7f8f859e2000 ---p 00007000 08:12 1578356                    /lib/x86_64-linux-gnu/librt-2.24.so
7f8f859e2000-7f8f859e3000 r--p 00006000 08:12 1578356                    /lib/x86_64-linux-gnu/librt-2.24.so
7f8f859e3000-7f8f859e4000 rw-p 00007000 08:12 1578356                    /lib/x86_64-linux-gnu/librt-2.24.so
7f8f859e4000-7f8f859fa000 r-xp 00000000 08:12 1578247                    /lib/x86_64-linux-gnu/libgcc_s.so.1
7f8f859fa000-7f8f85bf9000 ---p 00016000 08:12 1578247                    /lib/x86_64-linux-gnu/libgcc_s.so.1
7f8f85bf9000-7f8f85bfa000 r--p 00015000 08:12 1578247                    /lib/x86_64-linux-gnu/libgcc_s.so.1
7f8f85bfa000-7f8f85bfb000 rw-p 00016000 08:12 1578247                    /lib/x86_64-linux-gnu/libgcc_s.so.1
7f8f85bfb000-7f8f85d03000 r-xp 00000000 08:12 1578275                    /lib/x86_64-linux-gnu/libm-2.24.so
7f8f85d03000-7f8f85f02000 ---p 00108000 08:12 1578275                    /lib/x86_64-linux-gnu/libm-2.24.so
7f8f85f02000-7f8f85f03000 r--p 00107000 08:12 1578275                    /lib/x86_64-linux-gnu/libm-2.24.so
7f8f85f03000-7f8f85f04000 rw-p 00108000 08:12 1578275                    /lib/x86_64-linux-gnu/libm-2.24.so
7f8f85f04000-7f8f8607d000 r-xp 00000000 08:12 795720                     /usr/lib/x86_64-linux-gnu/libstdc++.so.6.0.22
7f8f8607d000-7f8f8627c000 ---p 00179000 08:12 795720                     /usr/lib/x86_64-linux-gnu/libstdc++.so.6.0.22
7f8f8627c000-7f8f86286000 r--p 00178000 08:12 795720                     /usr/lib/x86_64-linux-gnu/libstdc++.so.6.0.22
7f8f86286000-7f8f86288000 rw-p 00182000 08:12 795720                     /usr/lib/x86_64-linux-gnu/libstdc++.so.6.0.22
7f8f86288000-7f8f8628c000 rw-p 00000000 00:00 0 
7f8f8628c000-7f8f86ee2000 r-xp 00000000 08:12 931769                     /usr/lib/jvm/java-8-openjdk-amd64/jre/lib/amd64/server/libjvm.so
7f8f86ee2000-7f8f870e2000 ---p 00c56000 08:12 931769                     /usr/lib/jvm/java-8-openjdk-amd64/jre/lib/amd64/server/libjvm.so
7f8f870e2000-7f8f87175000 r--p 00c56000 08:12 931769                     /usr/lib/jvm/java-8-openjdk-amd64/jre/lib/amd64/server/libjvm.so
7f8f87175000-7f8f8719e000 rw-p 00ce9000 08:12 931769                     /usr/lib/jvm/java-8-openjdk-amd64/jre/lib/amd64/server/libjvm.so
7f8f8719e000-7f8f871ce000 rw-p 00000000 00:00 0 
7f8f871ce000-7f8f871e6000 r-xp 00000000 08:12 1578348                    /lib/x86_64-linux-gnu/libpthread-2.24.so
7f8f871e6000-7f8f873e6000 ---p 00018000 08:12 1578348                    /lib/x86_64-linux-gnu/libpthread-2.24.so
7f8f873e6000-7f8f873e7000 r--p 00018000 08:12 1578348                    /lib/x86_64-linux-gnu/libpthread-2.24.so
7f8f873e7000-7f8f873e8000 rw-p 00019000 08:12 1578348                    /lib/x86_64-linux-gnu/libpthread-2.24.so
7f8f873e8000-7f8f873ec000 rw-p 00000000 00:00 0 
7f8f873ec000-7f8f873ef000 r-xp 00000000 08:12 1578233                    /lib/x86_64-linux-gnu/libdl-2.24.so
7f8f873ef000-7f8f875ee000 ---p 00003000 08:12 1578233                    /lib/x86_64-linux-gnu/libdl-2.24.so
7f8f875ee000-7f8f875ef000 r--p 00002000 08:12 1578233                    /lib/x86_64-linux-gnu/libdl-2.24.so
7f8f875ef000-7f8f875f0000 rw-p 00003000 08:12 1578233                    /lib/x86_64-linux-gnu/libdl-2.24.so
7f8f875f0000-7f8f8760b000 r-xp 00000000 08:12 1578389                    /lib/x86_64-linux-gnu/libz.so.1.2.11
7f8f8760b000-7f8f8780a000 ---p 0001b000 08:12 1578389                    /lib/x86_64-linux-gnu/libz.so.1.2.11
7f8f8780a000-7f8f8780b000 r--p 0001a000 08:12 1578389                    /lib/x86_64-linux-gnu/libz.so.1.2.11
7f8f8780b000-7f8f8780c000 rw-p 0001b000 08:12 1578389                    /lib/x86_64-linux-gnu/libz.so.1.2.11
7f8f8780c000-7f8f879c9000 r-xp 00000000 08:12 1578209                    /lib/x86_64-linux-gnu/libc-2.24.so
7f8f879c9000-7f8f87bc9000 ---p 001bd000 08:12 1578209                    /lib/x86_64-linux-gnu/libc-2.24.so
7f8f87bc9000-7f8f87bcd000 r--p 001bd000 08:12 1578209                    /lib/x86_64-linux-gnu/libc-2.24.so
7f8f87bcd000-7f8f87bcf000 rw-p 001c1000 08:12 1578209                    /lib/x86_64-linux-gnu/libc-2.24.so
7f8f87bcf000-7f8f87bd3000 rw-p 00000000 00:00 0 
7f8f87bd3000-7f8f87be0000 r-xp 00000000 08:12 931733                     /usr/lib/jvm/java-8-openjdk-amd64/jre/lib/amd64/jli/libjli.so
7f8f87be0000-7f8f87de0000 ---p 0000d000 08:12 931733                     /usr/lib/jvm/java-8-openjdk-amd64/jre/lib/amd64/jli/libjli.so
7f8f87de0000-7f8f87de1000 r--p 0000d000 08:12 931733                     /usr/lib/jvm/java-8-openjdk-amd64/jre/lib/amd64/jli/libjli.so
7f8f87de1000-7f8f87de2000 rw-p 0000e000 08:12 931733                     /usr/lib/jvm/java-8-openjdk-amd64/jre/lib/amd64/jli/libjli.so
7f8f87de2000-7f8f87e07000 r-xp 00000000 08:12 1578181                    /lib/x86_64-linux-gnu/ld-2.24.so
7f8f87e07000-7f8f87e0c000 r--s 002f9000 08:12 931770                     /usr/lib/jvm/java-8-openjdk-amd64/jre/lib/charsets.jar
7f8f87e0c000-7f8f87e0f000 r--s 0000f000 08:12 931782                     /usr/lib/jvm/java-8-openjdk-amd64/jre/lib/ext/icedtea-sound.jar
7f8f87e0f000-7f8f87eda000 rw-p 00000000 00:00 0 
7f8f87eda000-7f8f87edd000 ---p 00000000 00:00 0 
7f8f87edd000-7f8f87fdf000 rw-p 00000000 00:00 0 
7f8f87fdf000-7f8f87fe1000 r--s 00001000 08:12 931781                     /usr/lib/jvm/java-8-openjdk-amd64/jre/lib/ext/dnsns.jar
7f8f87fe1000-7f8f87fe2000 r--s 00010000 08:12 931789                     /usr/lib/jvm/java-8-openjdk-amd64/jre/lib/ext/zipfs.jar
7f8f87fe2000-7f8f87fe4000 r--s 00008000 08:12 931786                     /usr/lib/jvm/java-8-openjdk-amd64/jre/lib/ext/sunec.jar
7f8f87fe4000-7f8f87fe5000 r--s 0000a000 08:12 931783                     /usr/lib/jvm/java-8-openjdk-amd64/jre/lib/ext/jaccess.jar
7f8f87fe5000-7f8f87fea000 r--s 0003b000 08:12 931787                     /usr/lib/jvm/java-8-openjdk-amd64/jre/lib/ext/sunjce_provider.jar
7f8f87fea000-7f8f87ff4000 r--s 00116000 08:12 931784                     /usr/lib/jvm/java-8-openjdk-amd64/jre/lib/ext/localedata.jar
7f8f87ff4000-7f8f87ff6000 r--s 00007000 08:12 1197644                    /usr/share/java/java-atk-wrapper.jar
7f8f87ff6000-7f8f87ffa000 r--s 00037000 08:12 931788                     /usr/lib/jvm/java-8-openjdk-amd64/jre/lib/ext/sunpkcs11.jar
7f8f87ffa000-7f8f88002000 rw-s 00000000 08:12 665122                     /tmp/hsperfdata_remipassmoilesel/30514
7f8f88002000-7f8f88003000 rw-p 00000000 00:00 0 
7f8f88003000-7f8f88004000 ---p 00000000 00:00 0 
7f8f88004000-7f8f88007000 rw-p 00000000 00:00 0 
7f8f88007000-7f8f88008000 r--p 00025000 08:12 1578181                    /lib/x86_64-linux-gnu/ld-2.24.so
7f8f88008000-7f8f88009000 rw-p 00026000 08:12 1578181                    /lib/x86_64-linux-gnu/ld-2.24.so
7f8f88009000-7f8f8800a000 rw-p 00000000 00:00 0 
7ffdce28d000-7ffdce2b0000 rw-p 00000000 00:00 0                          [stack]
7ffdce3ee000-7ffdce3f0000 r--p 00000000 00:00 0                          [vvar]
7ffdce3f0000-7ffdce3f2000 r-xp 00000000 00:00 0                          [vdso]
ffffffffff600000-ffffffffff601000 r-xp 00000000 00:00 0                  [vsyscall]

VM Arguments:
jvm_args: -agentlib:jdwp=transport=dt_socket,address=127.0.0.1:42911,suspend=y,server=n -Dspring.output.ansi.enabled=always -Dfile.encoding=UTF-8 
java_command: org.remipassmoilesel.abcmapfr.AbcmapFrApplication
java_class_path (initial): /usr/lib/jvm/java-8-openjdk-amd64/jre/lib/charsets.jar:/usr/lib/jvm/java-8-openjdk-amd64/jre/lib/ext/cldrdata.jar:/usr/lib/jvm/java-8-openjdk-amd64/jre/lib/ext/dnsns.jar:/usr/lib/jvm/java-8-openjdk-amd64/jre/lib/ext/icedtea-sound.jar:/usr/lib/jvm/java-8-openjdk-amd64/jre/lib/ext/jaccess.jar:/usr/lib/jvm/java-8-openjdk-amd64/jre/lib/ext/java-atk-wrapper.jar:/usr/lib/jvm/java-8-openjdk-amd64/jre/lib/ext/jfxrt.jar:/usr/lib/jvm/java-8-openjdk-amd64/jre/lib/ext/localedata.jar:/usr/lib/jvm/java-8-openjdk-amd64/jre/lib/ext/nashorn.jar:/usr/lib/jvm/java-8-openjdk-amd64/jre/lib/ext/sunec.jar:/usr/lib/jvm/java-8-openjdk-amd64/jre/lib/ext/sunjce_provider.jar:/usr/lib/jvm/java-8-openjdk-amd64/jre/lib/ext/sunpkcs11.jar:/usr/lib/jvm/java-8-openjdk-amd64/jre/lib/ext/zipfs.jar:/usr/lib/jvm/java-8-openjdk-amd64/jre/lib/jce.jar:/usr/lib/jvm/java-8-openjdk-amd64/jre/lib/jfxswt.jar:/usr/lib/jvm/java-8-openjdk-amd64/jre/lib/jsse.jar:/usr/lib/jvm/java-8-openjdk-amd64/jre/lib/management-agent.jar:/usr/lib/jvm/java-8-openjdk-amd64/jre/lib/resources.jar:/usr/lib/jvm/java-8-openjdk-amd64/jre/lib/rt.jar:/home/remipassmoilesel/projects/spring/abc-map.fr/target/classes:/home/remipassmoilesel/.m2/repository/org/springframework/boot/spring-boot-starter-data-jpa/1.5.4.RELEASE/spring-boot-starter-data-jpa-1.5.4.RELEASE.jar:/home/remipassmoilesel/.m2/repository/org/springframework/boot/spring-boot-starter/1.5.4.RELEASE/spring-boot-starter-1.5.4.RELEASE.jar:/home/remipassmoilesel/.m2/repository/org/springframework/boot/spring-boot-starter-logging/1.5.4.RELEASE/spring-boot-starter-logging-1.5.4.RELEASE.jar:/home/remipassmoilesel/.m2/repository/ch/qos/logback/logback-classic/1.1.11/logback-classic-1.1.11.jar:/home/remipassmoilesel/.m2/repository/ch/qos/logback/logback-core/1.1.11/logback-core-1.1.11.jar:/home/remipassmoilesel/.m2/repository/org/slf4j/jul-to-slf4j/1.7.25/jul-to-slf4j-1.7.25.jar:/home/remipassmoilesel/.m2/repository/org/slf4j/log4j-over-slf4j/1.7.25/log4j-ove
Launcher Type: SUN_STANDARD

Environment Variables:
PATH=/usr/local/sbin:/usr/local/bin:/usr/sbin:/usr/bin:/sbin:/bin:/usr/games:/usr/local/games:/snap/bin
LD_LIBRARY_PATH=/home/remipassmoilesel/intellij/bin:
SHELL=/bin/zsh
DISPLAY=:0

Signal Handlers:
SIGSEGV: [libjvm.so+0xa6d630], sa_mask[0]=11111111011111111101111111111110, sa_flags=SA_RESTART|SA_SIGINFO
SIGBUS: [libjvm.so+0xa6d630], sa_mask[0]=11111111011111111101111111111110, sa_flags=SA_RESTART|SA_SIGINFO
SIGFPE: [libjvm.so+0x8b7230], sa_mask[0]=11111111011111111101111111111110, sa_flags=SA_RESTART|SA_SIGINFO
SIGPIPE: [libjvm.so+0x8b7230], sa_mask[0]=11111111011111111101111111111110, sa_flags=SA_RESTART|SA_SIGINFO
SIGXFSZ: [libjvm.so+0x8b7230], sa_mask[0]=11111111011111111101111111111110, sa_flags=SA_RESTART|SA_SIGINFO
SIGILL: [libjvm.so+0x8b7230], sa_mask[0]=11111111011111111101111111111110, sa_flags=SA_RESTART|SA_SIGINFO
SIGUSR1: SIG_DFL, sa_mask[0]=00000000000000000000000000000000, sa_flags=none
SIGUSR2: [libjvm.so+0x8b70e0], sa_mask[0]=00100000000000000000000000000000, sa_flags=SA_RESTART|SA_SIGINFO
SIGHUP: [libjvm.so+0x8b7590], sa_mask[0]=11111111011111111101111111111110, sa_flags=SA_RESTART|SA_SIGINFO
SIGINT: SIG_IGN, sa_mask[0]=00000000000000000000000000000000, sa_flags=none
SIGTERM: [libjvm.so+0x8b7590], sa_mask[0]=11111111011111111101111111111110, sa_flags=SA_RESTART|SA_SIGINFO
SIGQUIT: [libjvm.so+0x8b7590], sa_mask[0]=11111111011111111101111111111110, sa_flags=SA_RESTART|SA_SIGINFO


---------------  S Y S T E M  ---------------

OS:DISTRIB_ID=Ubuntu
DISTRIB_RELEASE=17.04
DISTRIB_CODENAME=zesty
DISTRIB_DESCRIPTION="Ubuntu 17.04"

uname:Linux 4.10.0-22-generic #24-Ubuntu SMP Mon May 22 17:43:20 UTC 2017 x86_64
libc:glibc 2.24 NPTL 2.24 
rlimit: STACK 8192k, CORE 0k, NPROC 30588, NOFILE 4096, AS infinity
load average:0,93 1,16 1,11

/proc/meminfo:
MemTotal:        8056428 kB
MemFree:          140688 kB
MemAvailable:    1362416 kB
Buffers:          110888 kB
Cached:          1879112 kB
SwapCached:       713164 kB
Active:          6108932 kB
Inactive:        1503332 kB
Active(anon):    5197648 kB
Inactive(anon):  1010604 kB
Active(file):     911284 kB
Inactive(file):   492728 kB
Unevictable:          84 kB
Mlocked:              84 kB
SwapTotal:       8788988 kB
SwapFree:        6048544 kB
Dirty:              1748 kB
Writeback:             0 kB
AnonPages:       5453692 kB
Mapped:           751148 kB
Shmem:            586004 kB
Slab:             131876 kB
SReclaimable:      76092 kB
SUnreclaim:        55784 kB
KernelStack:       13892 kB
PageTables:        71692 kB
NFS_Unstable:          0 kB
Bounce:                0 kB
WritebackTmp:          0 kB
CommitLimit:    12817200 kB
Committed_AS:   14654952 kB
VmallocTotal:   34359738367 kB
VmallocUsed:           0 kB
VmallocChunk:          0 kB
HardwareCorrupted:     0 kB
AnonHugePages:   1660928 kB
ShmemHugePages:        0 kB
ShmemPmdMapped:        0 kB
CmaTotal:              0 kB
CmaFree:               0 kB
HugePages_Total:       0
HugePages_Free:        0
HugePages_Rsvd:        0
HugePages_Surp:        0
Hugepagesize:       2048 kB
DirectMap4k:      284600 kB
DirectMap2M:     7987200 kB


CPU:total 4 (initial active 4) (2 cores per cpu, 2 threads per core) family 6 model 58 stepping 9, cmov, cx8, fxsr, mmx, sse, sse2, sse3, ssse3, sse4.1, sse4.2, popcnt, avx, aes, clmul, erms, ht, tsc, tscinvbit, tscinv

/proc/cpuinfo:
processor	: 0
vendor_id	: GenuineIntel
cpu family	: 6
model		: 58
model name	: Intel(R) Core(TM) i7-3517U CPU @ 1.90GHz
stepping	: 9
microcode	: 0x15
cpu MHz		: 2799.902
cache size	: 4096 KB
physical id	: 0
siblings	: 4
core id		: 0
cpu cores	: 2
apicid		: 0
initial apicid	: 0
fpu		: yes
fpu_exception	: yes
cpuid level	: 13
wp		: yes
flags		: fpu vme de pse tsc msr pae mce cx8 apic sep mtrr pge mca cmov pat pse36 clflush dts acpi mmx fxsr sse sse2 ss ht tm pbe syscall nx rdtscp lm constant_tsc arch_perfmon pebs bts rep_good nopl xtopology nonstop_tsc aperfmperf pni pclmulqdq dtes64 monitor ds_cpl vmx est tm2 ssse3 cx16 xtpr pdcm pcid sse4_1 sse4_2 x2apic popcnt tsc_deadline_timer aes xsave avx f16c rdrand lahf_lm epb tpr_shadow vnmi flexpriority ept vpid fsgsbase smep erms xsaveopt dtherm ida arat pln pts
bugs		:
bogomips	: 4789.03
clflush size	: 64
cache_alignment	: 64
address sizes	: 36 bits physical, 48 bits virtual
power management:

processor	: 1
vendor_id	: GenuineIntel
cpu family	: 6
model		: 58
model name	: Intel(R) Core(TM) i7-3517U CPU @ 1.90GHz
stepping	: 9
microcode	: 0x15
cpu MHz		: 2799.902
cache size	: 4096 KB
physical id	: 0
siblings	: 4
core id		: 1
cpu cores	: 2
apicid		: 2
initial apicid	: 2
fpu		: yes
fpu_exception	: yes
cpuid level	: 13
wp		: yes
flags		: fpu vme de pse tsc msr pae mce cx8 apic sep mtrr pge mca cmov pat pse36 clflush dts acpi mmx fxsr sse sse2 ss ht tm pbe syscall nx rdtscp lm constant_tsc arch_perfmon pebs bts rep_good nopl xtopology nonstop_tsc aperfmperf pni pclmulqdq dtes64 monitor ds_cpl vmx est tm2 ssse3 cx16 xtpr pdcm pcid sse4_1 sse4_2 x2apic popcnt tsc_deadline_timer aes xsave avx f16c rdrand lahf_lm epb tpr_shadow vnmi flexpriority ept vpid fsgsbase smep erms xsaveopt dtherm ida arat pln pts
bugs		:
bogomips	: 4789.03
clflush size	: 64
cache_alignment	: 64
address sizes	: 36 bits physical, 48 bits virtual
power management:

processor	: 2
vendor_id	: GenuineIntel
cpu family	: 6
model		: 58
model name	: Intel(R) Core(TM) i7-3517U CPU @ 1.90GHz
stepping	: 9
microcode	: 0x15
cpu MHz		: 2799.902
cache size	: 4096 KB
physical id	: 0
siblings	: 4
core id		: 0
cpu cores	: 2
apicid		: 1
initial apicid	: 1
fpu		: yes
fpu_exception	: yes
cpuid level	: 13
wp		: yes
flags		: fpu vme de pse tsc msr pae mce cx8 apic sep mtrr pge mca cmov pat pse36 clflush dts acpi mmx fxsr sse sse2 ss ht tm pbe syscall nx rdtscp lm constant_tsc arch_perfmon pebs bts rep_good nopl xtopology nonstop_tsc aperfmperf pni pclmulqdq dtes64 monitor ds_cpl vmx est tm2 ssse3 cx16 xtpr pdcm pcid sse4_1 sse4_2 x2apic popcnt tsc_deadline_timer aes xsave avx f16c rdrand lahf_lm epb tpr_shadow vnmi flexpriority ept vpid fsgsbase smep erms xsaveopt dtherm ida arat pln pts
bugs		:
bogomips	: 4789.03
clflush size	: 64
cache_alignment	: 64
address sizes	: 36 bits physical, 48 bits virtual
power management:

processor	: 3
vendor_id	: GenuineIntel
cpu family	: 6
model		: 58
model name	: Intel(R) Core(TM) i7-3517U CPU @ 1.90GHz
stepping	: 9
microcode	: 0x15
cpu MHz		: 2799.902
cache size	: 4096 KB
physical id	: 0
siblings	: 4
core id		: 1
cpu cores	: 2
apicid		: 3
initial apicid	: 3
fpu		: yes
fpu_exception	: yes
cpuid level	: 13
wp		: yes
flags		: fpu vme de pse tsc msr pae mce cx8 apic sep mtrr pge mca cmov pat pse36 clflush dts acpi mmx fxsr sse sse2 ss ht tm pbe syscall nx rdtscp lm constant_tsc arch_perfmon pebs bts rep_good nopl xtopology nonstop_tsc aperfmperf pni pclmulqdq dtes64 monitor ds_cpl vmx est tm2 ssse3 cx16 xtpr pdcm pcid sse4_1 sse4_2 x2apic popcnt tsc_deadline_timer aes xsave avx f16c rdrand lahf_lm epb tpr_shadow vnmi flexpriority ept vpid fsgsbase smep erms xsaveopt dtherm ida arat pln pts
bugs		:
bogomips	: 4789.03
clflush size	: 64
cache_alignment	: 64
address sizes	: 36 bits physical, 48 bits virtual
power management:



Memory: 4k page, physical 8056428k(140160k free), swap 8788988k(6048552k free)

vm_info: OpenJDK 64-Bit Server VM (25.131-b11) for linux-amd64 JRE (1.8.0_131-8u131-b11-0ubuntu1.17.04.1-b11), built on May  2 2017 02:51:42 by "buildd" with gcc 6.3.0 20170406

time: Wed Jun 14 15:44:22 2017
elapsed time: 710 seconds (0d 0h 11m 50s)

